Start testing: Dec 25 12:55 PST
----------------------------------------------------------
1/3 Testing: test_triplet_root
1/3 Test: test_triplet_root
Command: "/Users/uym2/my_gits/Triplet_rooting/bin/test_triplet_root"
Directory: /Users/uym2/my_gits/Triplet_rooting/bin
"test_triplet_root" start time: Dec 25 12:55 PST
Output:
----------------------------------------------------------
<end of output>
Test time =   0.46 sec
----------------------------------------------------------
Test Passed.
"test_triplet_root" end time: Dec 25 12:55 PST
"test_triplet_root" time elapsed: 00:00:00
----------------------------------------------------------

2/3 Testing: test_triplet
2/3 Test: test_triplet
Command: "/Users/uym2/my_gits/Triplet_rooting/bin/test_triplet"
Directory: /Users/uym2/my_gits/Triplet_rooting/bin
"test_triplet" start time: Dec 25 12:55 PST
Output:
----------------------------------------------------------
<end of output>
Test time =   0.03 sec
----------------------------------------------------------
Test Passed.
"test_triplet" end time: Dec 25 12:55 PST
"test_triplet" time elapsed: 00:00:00
----------------------------------------------------------

3/3 Testing: test_quartet
3/3 Test: test_quartet
Command: "/Users/uym2/my_gits/Triplet_rooting/bin/test_quartet"
Directory: /Users/uym2/my_gits/Triplet_rooting/bin
"test_quartet" start time: Dec 25 12:55 PST
Output:
----------------------------------------------------------
<end of output>
Test time =   0.02 sec
----------------------------------------------------------
Test Passed.
"test_quartet" end time: Dec 25 12:55 PST
"test_quartet" time elapsed: 00:00:00
----------------------------------------------------------

End testing: Dec 25 12:55 PST
